{"logTime": "0217/080354", "correlationVector":"2/VvG9Q5TBlYXB7S+7LrZ5.1","action":"SyncServerConnectionManagerRequest", "result":"SYNC_SERVER_OK", "context":{"environment":"Prod_germanywestcentral_prod-s01-010-eur-germanywestcentral", "migrationStage":"NotStarted", "server":"akswtt00400001h"}}
{"logTime": "0217/080354", "correlationVector":"2/VvG9Q5TBlYXB7S+7LrZ5.2","action":"ProcessGetUpdates", "result":"Done", "context":{"dataType":"Encryption Keys", "deleted":"0", "process_failed_to_decrypt":"0", "process_pending_decryption":"0", "process_success":"1", "total":"1"}}
{"logTime": "0217/080355", "correlationVector":"B0v9SqQ+o0BJGjMcsb+vta","action":"SyncServerConnectionManagerRequest", "result":"SYNC_SERVER_OK", "context":{"environment":"", "migrationStage":"", "server":""}}
{"logTime": "0217/080355", "correlationVector":"2/VvG9Q5TBlYXB7S+7LrZ5","action":"Initial GetUpdates", "result":"", "context":Reason: NEW_CLIENT. cV=2/VvG9Q5TBlYXB7S+7LrZ5}
{"logTime": "0217/080355", "correlationVector":"2/VvG9Q5TBlYXB7S+7LrZ5.3","action":"GetUpdates Response", "result":"Success", "context":Received 1 update(s). cV=2/VvG9Q5TBlYXB7S+7LrZ5.0;server=akswtt00400001h;cloudType=Consumer;environment=Prod_germanywestcentral_prod-s01-010-eur-germanywestcentral;migrationStage=NotStarted}
{"logTime": "0217/080355", "correlationVector":"ZNNiwCL/TJqWvvkHxJC9Ts","action":"Initial GetUpdates", "result":"", "context":Reason: NEWLY_SUPPORTED_DATATYPE. cV=ZNNiwCL/TJqWvvkHxJC9Ts}
{"logTime": "0217/080355", "correlationVector":"ZNNiwCL/TJqWvvkHxJC9Ts.1","action":"SyncServerConnectionManagerRequest", "result":"SYNC_SERVER_OK", "context":{"environment":"Prod_germanywestcentral_prod-s01-010-eur-germanywestcentral", "migrationStage":"NotStarted", "server":"akswtt00400001x"}}
{"logTime": "0217/080355", "correlationVector":"ZNNiwCL/TJqWvvkHxJC9Ts.2","action":"ProcessGetUpdates", "result":"Done", "context":{"dataType":"Preferences", "deleted":"0", "process_failed_to_decrypt":"0", "process_pending_decryption":"0", "process_success":"29", "total":"29"}}
{"logTime": "0217/080355", "correlationVector":"ZNNiwCL/TJqWvvkHxJC9Ts.3","action":"ProcessGetUpdates", "result":"Done", "context":{"dataType":"Passwords", "deleted":"0", "process_failed_to_decrypt":"0", "process_pending_decryption":"0", "process_success":"2", "total":"2"}}
{"logTime": "0217/080355", "correlationVector":"ZNNiwCL/TJqWvvkHxJC9Ts.4","action":"ProcessGetUpdates", "result":"Done", "context":{"dataType":"Device Info", "deleted":"0", "process_failed_to_decrypt":"0", "process_pending_decryption":"0", "process_success":"3", "total":"3"}}
{"logTime": "0217/080355", "correlationVector":"ZNNiwCL/TJqWvvkHxJC9Ts.5","action":"GetUpdates Response", "result":"Success", "context":Received 34 update(s). cV=ZNNiwCL/TJqWvvkHxJC9Ts.0;server=akswtt00400001x;cloudType=Consumer;environment=Prod_germanywestcentral_prod-s01-010-eur-germanywestcentral;migrationStage=NotStarted}
{"logTime": "0217/080355", "correlationVector":"S/K6tSNBOZp+clsvpxFF/A","action":"Initial GetUpdates", "result":"", "context":Reason: NEWLY_SUPPORTED_DATATYPE. cV=S/K6tSNBOZp+clsvpxFF/A}
{"logTime": "0217/080356", "correlationVector":"S/K6tSNBOZp+clsvpxFF/A.1","action":"SyncServerConnectionManagerRequest", "result":"SYNC_SERVER_OK", "context":{"environment":"Prod_germanywestcentral_prod-s01-010-eur-germanywestcentral", "migrationStage":"NotStarted", "server":"akswtt00400001q"}}
{"logTime": "0217/080356", "correlationVector":"S/K6tSNBOZp+clsvpxFF/A.2","action":"ProcessGetUpdates", "result":"Done", "context":{"dataType":"Bookmarks", "deleted":"0", "process_failed_to_decrypt":"0", "process_pending_decryption":"0", "process_success":"9", "total":"9"}}
{"logTime": "0217/080356", "correlationVector":"S/K6tSNBOZp+clsvpxFF/A.3","action":"GetUpdates Response", "result":"Success", "context":Received 9 update(s). cV=S/K6tSNBOZp+clsvpxFF/A.0;server=akswtt00400001q;cloudType=Consumer;environment=Prod_germanywestcentral_prod-s01-010-eur-germanywestcentral;migrationStage=NotStarted}
{"logTime": "0217/080356", "correlationVector":"D4ja59nKzjbN2SC4jpQpa6","action":"Initial GetUpdates", "result":"", "context":Reason: NEWLY_SUPPORTED_DATATYPE. cV=D4ja59nKzjbN2SC4jpQpa6}
{"logTime": "0217/080356", "correlationVector":"D4ja59nKzjbN2SC4jpQpa6.1","action":"SyncServerConnectionManagerRequest", "result":"SYNC_SERVER_OK", "context":{"environment":"Prod_germanywestcentral_prod-s01-010-eur-germanywestcentral", "migrationStage":"NotStarted", "server":"akswtt00400001e"}}
{"logTime": "0217/080356", "correlationVector":"D4ja59nKzjbN2SC4jpQpa6.2","action":"ProcessGetUpdates", "result":"Done", "context":{"dataType":"Autofill Profiles", "deleted":"0", "process_failed_to_decrypt":"0", "process_pending_decryption":"0", "process_success":"2", "total":"2"}}
{"logTime": "0217/080356", "correlationVector":"D4ja59nKzjbN2SC4jpQpa6.3","action":"ProcessGetUpdates", "result":"Done", "context":{"dataType":"Autofill", "deleted":"0", "process_failed_to_decrypt":"0", "process_pending_decryption":"0", "process_success":"1", "total":"1"}}
{"logTime": "0217/080356", "correlationVector":"D4ja59nKzjbN2SC4jpQpa6.4","action":"ProcessGetUpdates", "result":"Done", "context":{"dataType":"Edge Hub App Usage", "deleted":"0", "process_failed_to_decrypt":"0", "process_pending_decryption":"0", "process_success":"1", "total":"1"}}
{"logTime": "0217/080356", "correlationVector":"D4ja59nKzjbN2SC4jpQpa6.5","action":"GetUpdates Response", "result":"Success", "context":Received 4 update(s). cV=D4ja59nKzjbN2SC4jpQpa6.0;server=akswtt00400001e;cloudType=Consumer;environment=Prod_germanywestcentral_prod-s01-010-eur-germanywestcentral;migrationStage=NotStarted}
{"logTime": "0217/080356", "correlationVector":"gjuU8KKvwc5xB3BG2ePvv5","action":"Initial GetUpdates", "result":"", "context":Reason: NEWLY_SUPPORTED_DATATYPE. cV=gjuU8KKvwc5xB3BG2ePvv5}
{"logTime": "0217/080356", "correlationVector":"gjuU8KKvwc5xB3BG2ePvv5.1","action":"SyncServerConnectionManagerRequest", "result":"SYNC_SERVER_OK", "context":{"environment":"Prod_germanywestcentral_prod-s01-010-eur-germanywestcentral", "migrationStage":"NotStarted", "server":"akswtt00400001q"}}
{"logTime": "0217/080356", "correlationVector":"gjuU8KKvwc5xB3BG2ePvv5.2","action":"GetUpdates Response", "result":"Success", "context":Received 0 update(s). cV=gjuU8KKvwc5xB3BG2ePvv5.0;server=akswtt00400001q;cloudType=Consumer;environment=Prod_germanywestcentral_prod-s01-010-eur-germanywestcentral;migrationStage=NotStarted}
{"logTime": "0217/080356", "correlationVector":"q2VQLC15YDllqRvMcrFE2P","action":"Normal GetUpdate request", "result":"", "context":cV=q2VQLC15YDllqRvMcrFE2P
Nudged types: Bookmarks, Preferences, Sessions, Device Info, User Consents
Refresh requested types: Bookmarks, Preferences, Passwords, Autofill Profiles, Autofill, Extensions, Sessions, Extension settings, History Delete Directives, Device Info, User Consents, Send Tab To Self, Web Apps, History, Collection, Edge E Drop, Edge Hub App Usage, Edge Tab Group, Edge Wallet, Encryption Keys}
{"logTime": "0217/080357", "correlationVector":"q2VQLC15YDllqRvMcrFE2P.1","action":"SyncServerConnectionManagerRequest", "result":"SYNC_SERVER_OK", "context":{"environment":"Prod_germanywestcentral_prod-s01-010-eur-germanywestcentral", "migrationStage":"NotStarted", "server":"akswtt00400001h"}}
{"logTime": "0217/080357", "correlationVector":"q2VQLC15YDllqRvMcrFE2P.2","action":"GetUpdates Response", "result":"Success", "context":Received 0 update(s). cV=q2VQLC15YDllqRvMcrFE2P.0;server=akswtt00400001h;cloudType=Consumer;environment=Prod_germanywestcentral_prod-s01-010-eur-germanywestcentral;migrationStage=NotStarted}
{"logTime": "0217/080357", "correlationVector":"xleLigJqQ1gdbbZRatqfNX","action":"Commit Request", "result":"", "context":Item count: 36
Contributing types: Bookmarks, Preferences, Sessions, Device Info, User Consents}
{"logTime": "0217/080359", "correlationVector":"xleLigJqQ1gdbbZRatqfNX.1","action":"SyncServerConnectionManagerRequest", "result":"SYNC_SERVER_OK", "context":{"environment":"Prod_germanywestcentral_prod-s01-010-eur-germanywestcentral", "migrationStage":"NotStarted", "server":"akswtt00400003f"}}
{"logTime": "0217/080359", "correlationVector":"xleLigJqQ1gdbbZRatqfNX.2","action":"Commit Response", "result":"Success", "context":Result: Success. cV=xleLigJqQ1gdbbZRatqfNX.0;server=akswtt00400003f;cloudType=Consumer;environment=Prod_germanywestcentral_prod-s01-010-eur-germanywestcentral;migrationStage=NotStarted}
{"logTime": "0217/080359", "correlationVector":"wtYXkTZAkD3VrB1+09Lu18","action":"Commit Request", "result":"", "context":Item count: 1
Contributing types: Edge Hub App Usage}
{"logTime": "0217/080400", "correlationVector":"wtYXkTZAkD3VrB1+09Lu18.1","action":"SyncServerConnectionManagerRequest", "result":"SYNC_SERVER_OK", "context":{"environment":"Prod_germanywestcentral_prod-s01-010-eur-germanywestcentral", "migrationStage":"NotStarted", "server":"akswtt004000038"}}
{"logTime": "0217/080400", "correlationVector":"wtYXkTZAkD3VrB1+09Lu18.2","action":"Commit Response", "result":"Success", "context":Result: Success. cV=wtYXkTZAkD3VrB1+09Lu18.0;server=akswtt004000038;cloudType=Consumer;environment=Prod_germanywestcentral_prod-s01-010-eur-germanywestcentral;migrationStage=NotStarted}
{"logTime": "0217/080405", "correlationVector":"L9is/oioMXskmZEuivzUfn","action":"Commit Request", "result":"", "context":Item count: 1
Contributing types: Edge Hub App Usage}
{"logTime": "0217/080405", "correlationVector":"L9is/oioMXskmZEuivzUfn.1","action":"SyncServerConnectionManagerRequest", "result":"SYNC_SERVER_OK", "context":{"environment":"Prod_germanywestcentral_prod-s01-010-eur-germanywestcentral", "migrationStage":"NotStarted", "server":"akswtt004000017"}}
{"logTime": "0217/080405", "correlationVector":"L9is/oioMXskmZEuivzUfn.2","action":"Commit Response", "result":"Success", "context":Result: Success. cV=L9is/oioMXskmZEuivzUfn.0;server=akswtt004000017;cloudType=Consumer;environment=Prod_germanywestcentral_prod-s01-010-eur-germanywestcentral;migrationStage=NotStarted}
{"logTime": "0217/081638", "correlationVector":"v/r2/Wb/GomkwH7DgXWR9G","action":"Commit Request", "result":"", "context":Item count: 1
Contributing types: Sessions}
{"logTime": "0217/081639", "correlationVector":"v/r2/Wb/GomkwH7DgXWR9G.1","action":"SyncServerConnectionManagerRequest", "result":"SYNC_SERVER_OK", "context":{"environment":"Prod_germanywestcentral_prod-s01-010-eur-germanywestcentral", "migrationStage":"NotStarted", "server":"akswtt004000008"}}
{"logTime": "0217/081639", "correlationVector":"v/r2/Wb/GomkwH7DgXWR9G.2","action":"Commit Response", "result":"Success", "context":Result: Success. cV=v/r2/Wb/GomkwH7DgXWR9G.0;server=akswtt004000008;cloudType=Consumer;environment=Prod_germanywestcentral_prod-s01-010-eur-germanywestcentral;migrationStage=NotStarted}
{"logTime": "0217/115404", "correlationVector":"aZTaTg4J0GvPSo6VGA6T3B.1","action":"SyncServerConnectionManagerRequest", "result":"SYNC_SERVER_OK", "context":{"environment":"Prod_germanywestcentral_prod-s01-011-eur-germanywestcentral", "migrationStage":"NotStarted", "server":"akswtt004000014"}}
{"logTime": "0217/115404", "correlationVector":"aZTaTg4J0GvPSo6VGA6T3B.2","action":"ProcessGetUpdates", "result":"Done", "context":{"dataType":"Encryption Keys", "deleted":"0", "process_failed_to_decrypt":"0", "process_pending_decryption":"0", "process_success":"1", "total":"1"}}
{"logTime": "0217/115404", "correlationVector":"3BURFRiRmazwptp2v/Y4GZ","action":"SyncServerConnectionManagerRequest", "result":"SYNC_SERVER_OK", "context":{"environment":"", "migrationStage":"", "server":""}}
{"logTime": "0217/115404", "correlationVector":"aZTaTg4J0GvPSo6VGA6T3B","action":"Initial GetUpdates", "result":"", "context":Reason: NEW_CLIENT. cV=aZTaTg4J0GvPSo6VGA6T3B}
{"logTime": "0217/115404", "correlationVector":"aZTaTg4J0GvPSo6VGA6T3B.3","action":"GetUpdates Response", "result":"Success", "context":Received 1 update(s). cV=aZTaTg4J0GvPSo6VGA6T3B.0;server=akswtt004000014;cloudType=Consumer;environment=Prod_germanywestcentral_prod-s01-011-eur-germanywestcentral;migrationStage=NotStarted}
{"logTime": "0217/115404", "correlationVector":"dLFpkPweV5jfAZtUgqEvkZ","action":"Initial GetUpdates", "result":"", "context":Reason: NEWLY_SUPPORTED_DATATYPE. cV=dLFpkPweV5jfAZtUgqEvkZ}
{"logTime": "0217/115404", "correlationVector":"dLFpkPweV5jfAZtUgqEvkZ.1","action":"SyncServerConnectionManagerRequest", "result":"SYNC_SERVER_OK", "context":{"environment":"Prod_germanywestcentral_prod-s01-011-eur-germanywestcentral", "migrationStage":"NotStarted", "server":"akswtt004000017"}}
{"logTime": "0217/115404", "correlationVector":"dLFpkPweV5jfAZtUgqEvkZ.2","action":"ProcessGetUpdates", "result":"Done", "context":{"dataType":"Passwords", "deleted":"0", "process_failed_to_decrypt":"0", "process_pending_decryption":"0", "process_success":"2", "total":"2"}}
{"logTime": "0217/115404", "correlationVector":"dLFpkPweV5jfAZtUgqEvkZ.3","action":"GetUpdates Response", "result":"Success", "context":Received 2 update(s). cV=dLFpkPweV5jfAZtUgqEvkZ.0;server=akswtt004000017;cloudType=Consumer;environment=Prod_germanywestcentral_prod-s01-011-eur-germanywestcentral;migrationStage=NotStarted}
{"logTime": "0217/115404", "correlationVector":"dDBN8qlY7WMSRWKTZ71bKE","action":"Initial GetUpdates", "result":"", "context":Reason: NEWLY_SUPPORTED_DATATYPE. cV=dDBN8qlY7WMSRWKTZ71bKE}
{"logTime": "0217/115405", "correlationVector":"dDBN8qlY7WMSRWKTZ71bKE.1","action":"SyncServerConnectionManagerRequest", "result":"SYNC_SERVER_OK", "context":{"environment":"Prod_germanywestcentral_prod-s01-011-eur-germanywestcentral", "migrationStage":"NotStarted", "server":"akswtt00400001s"}}
{"logTime": "0217/115405", "correlationVector":"dDBN8qlY7WMSRWKTZ71bKE.2","action":"ProcessGetUpdates", "result":"Done", "context":{"dataType":"Bookmarks", "deleted":"0", "process_failed_to_decrypt":"0", "process_pending_decryption":"0", "process_success":"38", "total":"38"}}
{"logTime": "0217/115405", "correlationVector":"dDBN8qlY7WMSRWKTZ71bKE.3","action":"GetUpdates Response", "result":"Success", "context":Received 38 update(s). cV=dDBN8qlY7WMSRWKTZ71bKE.0;server=akswtt00400001s;cloudType=Consumer;environment=Prod_germanywestcentral_prod-s01-011-eur-germanywestcentral;migrationStage=NotStarted}
{"logTime": "0217/115405", "correlationVector":"OP1CsvKzUufYLqgq1G3wKz","action":"Normal GetUpdate request", "result":"", "context":cV=OP1CsvKzUufYLqgq1G3wKz
Nudged types: Sessions, History
Refresh requested types: Bookmarks, Preferences, Passwords, Autofill Profiles, Autofill, Extensions, Sessions, Extension settings, History Delete Directives, Device Info, User Consents, Send Tab To Self, Web Apps, History, Collection, Edge E Drop, Edge Hub App Usage, Edge Tab Group, Edge Wallet, Encryption Keys}
{"logTime": "0217/115405", "correlationVector":"OP1CsvKzUufYLqgq1G3wKz.1","action":"SyncServerConnectionManagerRequest", "result":"SYNC_SERVER_OK", "context":{"environment":"Prod_germanywestcentral_prod-s01-011-eur-germanywestcentral", "migrationStage":"NotStarted", "server":"akswtt00400000r"}}
{"logTime": "0217/115405", "correlationVector":"OP1CsvKzUufYLqgq1G3wKz.2","action":"ProcessGetUpdates", "result":"Done", "context":{"dataType":"Preferences", "deleted":"0", "process_failed_to_decrypt":"0", "process_pending_decryption":"0", "process_success":"2", "total":"2"}}
{"logTime": "0217/115405", "correlationVector":"OP1CsvKzUufYLqgq1G3wKz.3","action":"ProcessGetUpdates", "result":"Done", "context":{"dataType":"Autofill Profiles", "deleted":"2", "process_failed_to_decrypt":"0", "process_pending_decryption":"0", "process_success":"2", "total":"2"}}
{"logTime": "0217/115405", "correlationVector":"OP1CsvKzUufYLqgq1G3wKz.4","action":"ProcessGetUpdates", "result":"Done", "context":{"dataType":"Sessions", "deleted":"1", "process_failed_to_decrypt":"0", "process_pending_decryption":"0", "process_success":"3", "total":"3"}}
{"logTime": "0217/115405", "correlationVector":"OP1CsvKzUufYLqgq1G3wKz.5","action":"ProcessGetUpdates", "result":"Done", "context":{"dataType":"Device Info", "deleted":"0", "process_failed_to_decrypt":"0", "process_pending_decryption":"0", "process_success":"1", "total":"1"}}
{"logTime": "0217/115405", "correlationVector":"OP1CsvKzUufYLqgq1G3wKz.6","action":"ProcessGetUpdates", "result":"Done", "context":{"dataType":"History", "deleted":"0", "process_failed_to_decrypt":"0", "process_pending_decryption":"0", "process_success":"3", "total":"3"}}
{"logTime": "0217/115405", "correlationVector":"OP1CsvKzUufYLqgq1G3wKz.7","action":"ProcessGetUpdates", "result":"Done", "context":{"dataType":"Edge Hub App Usage", "deleted":"0", "process_failed_to_decrypt":"0", "process_pending_decryption":"0", "process_success":"2", "total":"2"}}
{"logTime": "0217/115405", "correlationVector":"OP1CsvKzUufYLqgq1G3wKz.8","action":"GetUpdates Response", "result":"Success", "context":Received 13 update(s). cV=OP1CsvKzUufYLqgq1G3wKz.0;server=akswtt00400000r;cloudType=Consumer;environment=Prod_germanywestcentral_prod-s01-011-eur-germanywestcentral;migrationStage=NotStarted}
{"logTime": "0217/115446", "correlationVector":"MXZ32RctCJt0tmtE4xxcqx","action":"Commit Request", "result":"", "context":Item count: 4
Contributing types: Preferences, Sessions, History}
{"logTime": "0217/115447", "correlationVector":"MXZ32RctCJt0tmtE4xxcqx.1","action":"SyncServerConnectionManagerRequest", "result":"SYNC_SERVER_OK", "context":{"environment":"Prod_germanywestcentral_prod-s01-011-eur-germanywestcentral", "migrationStage":"NotStarted", "server":"akswtt00400001w"}}
{"logTime": "0217/115447", "correlationVector":"MXZ32RctCJt0tmtE4xxcqx.2","action":"Commit Response", "result":"Success", "context":Result: Success. cV=MXZ32RctCJt0tmtE4xxcqx.0;server=akswtt00400001w;cloudType=Consumer;environment=Prod_germanywestcentral_prod-s01-011-eur-germanywestcentral;migrationStage=NotStarted}
{"logTime": "0217/120949", "correlationVector":"0FLJkf+vrrouOBgGe5kDjk","action":"Commit Request", "result":"", "context":Item count: 1
Contributing types: Sessions}
{"logTime": "0217/120950", "correlationVector":"0FLJkf+vrrouOBgGe5kDjk.1","action":"SyncServerConnectionManagerRequest", "result":"SYNC_SERVER_OK", "context":{"environment":"Prod_germanywestcentral_prod-s01-011-eur-germanywestcentral", "migrationStage":"NotStarted", "server":"akswtt00400001d"}}
{"logTime": "0217/120950", "correlationVector":"0FLJkf+vrrouOBgGe5kDjk.2","action":"Commit Response", "result":"Success", "context":Result: Success. cV=0FLJkf+vrrouOBgGe5kDjk.0;server=akswtt00400001d;cloudType=Consumer;environment=Prod_germanywestcentral_prod-s01-011-eur-germanywestcentral;migrationStage=NotStarted}
{"logTime": "0217/122753", "correlationVector":"tHb1KXa7Qqe6yYp4yl3NLd","action":"Commit Request", "result":"", "context":Item count: 1
Contributing types: Sessions}
{"logTime": "0217/122754", "correlationVector":"tHb1KXa7Qqe6yYp4yl3NLd.1","action":"SyncServerConnectionManagerRequest", "result":"SYNC_SERVER_OK", "context":{"environment":"Prod_germanywestcentral_prod-s01-011-eur-germanywestcentral", "migrationStage":"NotStarted", "server":"akswtt00400002l"}}
{"logTime": "0217/122754", "correlationVector":"tHb1KXa7Qqe6yYp4yl3NLd.2","action":"Commit Response", "result":"Success", "context":Result: Success. cV=tHb1KXa7Qqe6yYp4yl3NLd.0;server=akswtt00400002l;cloudType=Consumer;environment=Prod_germanywestcentral_prod-s01-011-eur-germanywestcentral;migrationStage=NotStarted}
