2025-02-17 08:03:45.211: [INFO][Sync] Reset engine, reason: 8
2025-02-17 08:03:45.211: [INFO][Sync] Stopped: Bookmarks
2025-02-17 08:03:45.211: [INFO][Sync] Stopped: Preferences
2025-02-17 08:03:45.211: [INFO][Sync] Stopped: Passwords
2025-02-17 08:03:45.211: [INFO][Sync] Stopped: Autofill Profiles
2025-02-17 08:03:45.211: [INFO][Sync] Stopped: Autofill
2025-02-17 08:03:45.211: [INFO][Sync] Stopped: Extensions
2025-02-17 08:03:45.211: [INFO][Sync] Stopped: Sessions
2025-02-17 08:03:45.211: [INFO][Sync] Stopped: Extension settings
2025-02-17 08:03:45.211: [INFO][Sync] Stopped: History Delete Directives
2025-02-17 08:03:45.211: [INFO][Sync] Stopped: Device Info
2025-02-17 08:03:45.211: [INFO][Sync] Stopped: User Consents
2025-02-17 08:03:45.211: [INFO][Sync] Stopped: Send Tab To Self
2025-02-17 08:03:45.211: [INFO][Sync] Stopped: Web Apps
2025-02-17 08:03:45.211: [INFO][Sync] Stopped: History
2025-02-17 08:03:45.211: [INFO][Sync] Stopped: Collection
2025-02-17 08:03:45.211: [INFO][Sync] Stopped: Edge E Drop
2025-02-17 08:03:45.211: [INFO][Sync] Stopped: Edge Hub App Usage
2025-02-17 08:03:45.211: [INFO][Sync] Stopped: Edge Tab Group
2025-02-17 08:03:45.211: [INFO][Sync] Stopped: Edge Wallet
2025-02-17 08:03:45.211: [INFO][Sync] SyncState after authenticated was: NotSignedIn
2025-02-17 08:03:46.112: [INFO][Sync] Reset engine, reason: 8
2025-02-17 08:03:46.112: [INFO][Sync] Stopped: Bookmarks
2025-02-17 08:03:46.112: [INFO][Sync] Stopped: Preferences
2025-02-17 08:03:46.112: [INFO][Sync] Stopped: Passwords
2025-02-17 08:03:46.112: [INFO][Sync] Stopped: Autofill Profiles
2025-02-17 08:03:46.112: [INFO][Sync] Stopped: Autofill
2025-02-17 08:03:46.113: [INFO][Sync] Stopped: Extensions
2025-02-17 08:03:46.113: [INFO][Sync] Stopped: Sessions
2025-02-17 08:03:46.113: [INFO][Sync] Stopped: Extension settings
2025-02-17 08:03:46.113: [INFO][Sync] Stopped: History Delete Directives
2025-02-17 08:03:46.113: [INFO][Sync] Stopped: Device Info
2025-02-17 08:03:46.113: [INFO][Sync] Stopped: User Consents
2025-02-17 08:03:46.113: [INFO][Sync] Stopped: Send Tab To Self
2025-02-17 08:03:46.113: [INFO][Sync] Stopped: Web Apps
2025-02-17 08:03:46.113: [INFO][Sync] Stopped: History
2025-02-17 08:03:46.113: [INFO][Sync] Stopped: Collection
2025-02-17 08:03:46.113: [INFO][Sync] Stopped: Edge E Drop
2025-02-17 08:03:46.113: [INFO][Sync] Stopped: Edge Hub App Usage
2025-02-17 08:03:46.113: [INFO][Sync] Stopped: Edge Tab Group
2025-02-17 08:03:46.113: [INFO][Sync] Stopped: Edge Wallet
2025-02-17 08:03:51.280: [INFO][Sync] Try to start sync engine
2025-02-17 08:03:51.283: [INFO][SyncManagerImpl::NudgeForInitialDownload] Initial download nudge for Encryption Keys
2025-02-17 08:03:51.283: [INFO][SyncEngineBackend::LoadAndConnectNigoriController] Load and connect Nigori controller
2025-02-17 08:03:51.283: [INFO][SyncEngineBackend::DoInitialize] Control Types added: Encryption Keys
2025-02-17 08:03:51.283: [INFO][SyncManagerImpl::ConfigureSyncer] Types to download: Encryption Keys with reason: 3
2025-02-17 08:03:51.283: [INFO][SyncSchedulerImpl::DoConfigurationSyncCycleJob] Configure job was blocked
2025-02-17 08:03:53.405: [INFO][SyncAuthManager::SetLastAuthError] Current auth error: None
2025-02-17 08:03:53.405: [INFO][SyncAuthManager::EdgeLogTokenErrorState] Token error with: None for account type: MSA
2025-02-17 08:03:53.405: [INFO][Sync] Credentials changed for: EdgeSyncScopeNew
2025-02-17 08:03:54.141: [INFO][SyncAuthManager::SetLastAuthError] Current auth error: None
2025-02-17 08:03:54.141: [INFO][SyncAuthManager::EdgeLogTokenErrorState] Token error with: None for account type: MSA
2025-02-17 08:03:54.141: [INFO][Sync] Credentials changed for: EdgeSyncKeyDataScope
2025-02-17 08:03:54.141: [INFO][SyncEngineBackend::DoUpdateKeyDataCredentials] Update key data credentials
2025-02-17 08:03:54.142: [INFO][SyncEngineBackend::DoUpdateCredentials] Update credentials
2025-02-17 08:03:54.142: [INFO][SyncSchedulerImpl::DoConfigurationSyncCycleJob] Blocked types:  and types to download: Encryption Keys
2025-02-17 08:03:54.936: [INFO][Sync] Started DataTypeManager configuration, reason: 4
2025-02-17 08:03:54.936: [INFO][Sync] Configuring for: Bookmarks, Preferences, Passwords, Autofill Profiles, Autofill, Extensions, Sessions, Extension settings, History Delete Directives, Device Info, User Consents, Send Tab To Self, Web Apps, History, Collection, Edge E Drop, Edge Hub App Usage, Edge Tab Group, Edge Wallet, Encryption Keys, reason: 3, current state: 0
2025-02-17 08:03:54.938: [INFO][Sync] Configure, desired: Bookmarks, Preferences, Extensions, Sessions, Extension settings, History Delete Directives, Device Info, User Consents, Send Tab To Self, Web Apps, History, Collection, Edge E Drop, Edge Hub App Usage, Edge Tab Group, Edge Wallet, Encryption Keys; Allow fail: Passwords, Autofill Profiles, Autofill
2025-02-17 08:03:54.938: [INFO][Sync] Loading: Bookmarks
2025-02-17 08:03:54.938: [INFO][Sync] Loading: Preferences
2025-02-17 08:03:54.938: [INFO][Sync] Loading: Extensions
2025-02-17 08:03:54.938: [INFO][Sync] Loading: Sessions
2025-02-17 08:03:54.938: [INFO][Sync] Loading: Extension settings
2025-02-17 08:03:54.938: [INFO][Sync] Loading: History Delete Directives
2025-02-17 08:03:54.939: [INFO][Sync] Loading: Device Info
2025-02-17 08:03:54.939: [INFO][Sync] Loading: User Consents
2025-02-17 08:03:54.939: [INFO][Sync] Loading: Send Tab To Self
2025-02-17 08:03:54.939: [INFO][Sync] Loading: Web Apps
2025-02-17 08:03:54.939: [INFO][Sync] Loading: History
2025-02-17 08:03:54.939: [INFO][Sync] Loading: Collection
2025-02-17 08:03:54.939: [INFO][Sync] Loading: Edge E Drop
2025-02-17 08:03:54.939: [INFO][Sync] Loading: Edge Hub App Usage
2025-02-17 08:03:54.939: [INFO][Sync] Loading: Edge Tab Group
2025-02-17 08:03:54.939: [INFO][Sync] Loading: Edge Wallet
2025-02-17 08:03:54.944: [INFO][Sync] All data types are ready for configure.
2025-02-17 08:03:55.546: [INFO][SyncEngineBackend::DoStartConfiguration] Start configuration
2025-02-17 08:03:55.547: [INFO][SyncManagerImpl::NudgeForInitialDownload] Initial download nudge for Bookmarks
2025-02-17 08:03:55.547: [INFO][SyncManagerImpl::NudgeForInitialDownload] Initial download nudge for Preferences
2025-02-17 08:03:55.547: [INFO][SyncManagerImpl::NudgeForInitialDownload] Initial download nudge for Extensions
2025-02-17 08:03:55.547: [INFO][SyncManagerImpl::NudgeForInitialDownload] Initial download nudge for Sessions
2025-02-17 08:03:55.547: [INFO][SyncManagerImpl::NudgeForInitialDownload] Initial download nudge for Extension settings
2025-02-17 08:03:55.547: [INFO][SyncManagerImpl::NudgeForInitialDownload] Initial download nudge for History Delete Directives
2025-02-17 08:03:55.547: [INFO][SyncManagerImpl::NudgeForInitialDownload] Initial download nudge for Device Info
2025-02-17 08:03:55.547: [INFO][SyncManagerImpl::NudgeForInitialDownload] Initial download nudge for Send Tab To Self
2025-02-17 08:03:55.547: [INFO][SyncManagerImpl::NudgeForInitialDownload] Initial download nudge for Web Apps
2025-02-17 08:03:55.547: [INFO][SyncManagerImpl::NudgeForInitialDownload] Initial download nudge for History
2025-02-17 08:03:55.547: [INFO][SyncManagerImpl::NudgeForInitialDownload] Initial download nudge for Collection
2025-02-17 08:03:55.547: [INFO][SyncManagerImpl::NudgeForInitialDownload] Initial download nudge for Edge E Drop
2025-02-17 08:03:55.547: [INFO][SyncManagerImpl::NudgeForInitialDownload] Initial download nudge for Edge Hub App Usage
2025-02-17 08:03:55.547: [INFO][SyncManagerImpl::NudgeForInitialDownload] Initial download nudge for Edge Tab Group
2025-02-17 08:03:55.547: [INFO][SyncManagerImpl::NudgeForInitialDownload] Initial download nudge for Edge Wallet
2025-02-17 08:03:55.547: [INFO][SyncManagerImpl::ConfigureSyncer] Types to download:  with reason: 3
2025-02-17 08:03:55.547: [INFO][SyncEngineBackend::DoFinishConfigureDataTypes] Failed to download types:  and succeeded types: 
2025-02-17 08:03:55.548: [INFO][Sync] Started DataTypeManager configuration, reason: 5
2025-02-17 08:03:55.548: [INFO][Sync] Configuring for: Bookmarks, Preferences, Passwords, Autofill Profiles, Autofill, Extensions, Sessions, Extension settings, History Delete Directives, Device Info, User Consents, Send Tab To Self, Web Apps, History, Collection, Edge E Drop, Edge Hub App Usage, Edge Tab Group, Edge Wallet, Encryption Keys, reason: 5, current state: 1
2025-02-17 08:03:55.549: [INFO][Sync] ConfigurationDone, failed: , succeeded: , remaining count: 4
2025-02-17 08:03:55.549: [WARN][Sync]     Reconfigure requested while configuration ongoing.
2025-02-17 08:03:55.549: [INFO][Sync] Configuring for: Bookmarks, Preferences, Passwords, Autofill Profiles, Autofill, Extensions, Sessions, Extension settings, History Delete Directives, Device Info, User Consents, Send Tab To Self, Web Apps, History, Collection, Edge E Drop, Edge Hub App Usage, Edge Tab Group, Edge Wallet, Encryption Keys, reason: 5, current state: 2
2025-02-17 08:03:55.549: [INFO][Sync] Configure, desired: Bookmarks, Preferences, Passwords, Autofill Profiles, Autofill, Extensions, Sessions, Extension settings, History Delete Directives, Device Info, User Consents, Send Tab To Self, Web Apps, History, Collection, Edge E Drop, Edge Hub App Usage, Edge Tab Group, Edge Wallet, Encryption Keys; Allow fail: 
2025-02-17 08:03:55.549: [INFO][Sync] Loading: Passwords
2025-02-17 08:03:55.549: [INFO][Sync] Loading: Autofill Profiles
2025-02-17 08:03:55.549: [INFO][Sync] Loading: Autofill
2025-02-17 08:03:55.550: [INFO][Sync] All data types are ready for configure.
2025-02-17 08:03:55.550: [INFO][SyncManagerImpl::NudgeForInitialDownload] Initial download nudge for Passwords
2025-02-17 08:03:55.550: [INFO][SyncManagerImpl::NudgeForInitialDownload] Initial download nudge for Autofill Profiles
2025-02-17 08:03:55.550: [INFO][SyncManagerImpl::NudgeForInitialDownload] Initial download nudge for Autofill
2025-02-17 08:03:55.550: [INFO][SyncManagerImpl::ConfigureSyncer] Types to download:  with reason: 5
2025-02-17 08:03:55.550: [INFO][SyncEngineBackend::DoFinishConfigureDataTypes] Failed to download types:  and succeeded types: 
2025-02-17 08:03:55.551: [INFO][Sync] ConfigurationDone, failed: , succeeded: , remaining count: 4
2025-02-17 08:03:55.551: [INFO][Sync] Prepare to configure types: Preferences, Passwords, Device Info, Send Tab To Self, Edge E Drop, Encryption Keys
2025-02-17 08:03:55.551: [INFO][SyncManagerImpl::ConfigureSyncer] Types to download: Preferences, Passwords, Device Info, Send Tab To Self, Edge E Drop, Encryption Keys with reason: 5
2025-02-17 08:03:55.551: [INFO][SyncSchedulerImpl::DoConfigurationSyncCycleJob] Blocked types:  and types to download: Preferences, Passwords, Device Info, Send Tab To Self, Edge E Drop, Encryption Keys
2025-02-17 08:03:55.964: [INFO][SyncEngineBackend::DoFinishConfigureDataTypes] Failed to download types:  and succeeded types: Preferences, Passwords, Device Info, Send Tab To Self, Edge E Drop, Encryption Keys
2025-02-17 08:03:55.966: [INFO][Sync] ConfigurationDone, failed: , succeeded: Preferences, Passwords, Device Info, Send Tab To Self, Edge E Drop, Encryption Keys, remaining count: 3
2025-02-17 08:03:55.966: [INFO][Sync] Prepare to configure types: Bookmarks, Encryption Keys
2025-02-17 08:03:55.966: [INFO][SyncManagerImpl::ConfigureSyncer] Types to download: Bookmarks, Encryption Keys with reason: 5
2025-02-17 08:03:55.966: [INFO][SyncSchedulerImpl::DoConfigurationSyncCycleJob] Blocked types:  and types to download: Bookmarks, Encryption Keys
2025-02-17 08:03:56.254: [INFO][SyncEngineBackend::DoFinishConfigureDataTypes] Failed to download types:  and succeeded types: Bookmarks, Encryption Keys
2025-02-17 08:03:56.256: [INFO][Sync] ConfigurationDone, failed: , succeeded: Bookmarks, Encryption Keys, remaining count: 2
2025-02-17 08:03:56.256: [INFO][Sync] Prepare to configure types: Autofill Profiles, Autofill, Extensions, Sessions, Extension settings, History Delete Directives, Web Apps, Collection, Edge Hub App Usage, Edge Tab Group, Edge Wallet, Encryption Keys
2025-02-17 08:03:56.256: [INFO][SyncManagerImpl::ConfigureSyncer] Types to download: Autofill Profiles, Autofill, Extensions, Sessions, Extension settings, History Delete Directives, Web Apps, Collection, Edge Hub App Usage, Edge Tab Group, Edge Wallet, Encryption Keys with reason: 5
2025-02-17 08:03:56.256: [INFO][SyncSchedulerImpl::DoConfigurationSyncCycleJob] Blocked types:  and types to download: Autofill Profiles, Autofill, Extensions, Sessions, Extension settings, History Delete Directives, Web Apps, Collection, Edge Hub App Usage, Edge Tab Group, Edge Wallet, Encryption Keys
2025-02-17 08:03:56.509: [INFO][SyncEngineBackend::DoFinishConfigureDataTypes] Failed to download types:  and succeeded types: Autofill Profiles, Autofill, Extensions, Sessions, Extension settings, History Delete Directives, Web Apps, Collection, Edge Hub App Usage, Edge Tab Group, Edge Wallet, Encryption Keys
2025-02-17 08:03:56.510: [INFO][Sync] ConfigurationDone, failed: , succeeded: Autofill Profiles, Autofill, Extensions, Sessions, Extension settings, History Delete Directives, Web Apps, Collection, Edge Hub App Usage, Edge Tab Group, Edge Wallet, Encryption Keys, remaining count: 1
2025-02-17 08:03:56.511: [INFO][Sync] Prepare to configure types: History, Encryption Keys
2025-02-17 08:03:56.511: [INFO][SyncManagerImpl::ConfigureSyncer] Types to download: History, Encryption Keys with reason: 5
2025-02-17 08:03:56.511: [INFO][SyncSchedulerImpl::DoConfigurationSyncCycleJob] Blocked types:  and types to download: History, Encryption Keys
2025-02-17 08:03:56.771: [INFO][SyncEngineBackend::DoFinishConfigureDataTypes] Failed to download types:  and succeeded types: History, Encryption Keys
2025-02-17 08:03:56.772: [INFO][Sync] ConfigurationDone, failed: , succeeded: History, Encryption Keys, remaining count: 0
2025-02-17 08:03:56.773: [INFO][Sync]     Configuration completed, state: 7
2025-02-17 08:03:56.774: [INFO][Sync] Configured DataTypeManager: Ok
2025-02-17 08:03:56.776: [INFO][SyncEngineBackend::DoStartSyncing] Start syncing
2025-02-17 11:53:58.279: [INFO][Sync] SyncState after authenticated was: FeatureCanStart
2025-02-17 11:53:59.181: [INFO][Sync] Try to start sync engine
2025-02-17 11:53:59.183: [INFO][SyncManagerImpl::NudgeForInitialDownload] Initial download nudge for Encryption Keys
2025-02-17 11:53:59.183: [INFO][SyncEngineBackend::LoadAndConnectNigoriController] Load and connect Nigori controller
2025-02-17 11:53:59.183: [INFO][SyncEngineBackend::DoInitialize] Control Types added: Encryption Keys
2025-02-17 11:53:59.183: [INFO][SyncManagerImpl::ConfigureSyncer] Types to download: Encryption Keys with reason: 3
2025-02-17 11:53:59.183: [INFO][SyncSchedulerImpl::DoConfigurationSyncCycleJob] Configure job was blocked
2025-02-17 11:53:59.244: [INFO][SyncAuthManager::SetLastAuthError] Current auth error: None
2025-02-17 11:53:59.244: [INFO][SyncAuthManager::EdgeLogTokenErrorState] Token error with: None for account type: MSA
2025-02-17 11:53:59.244: [INFO][Sync] Credentials changed for: EdgeSyncScopeNew
2025-02-17 11:54:03.250: [INFO][SyncAuthManager::SetLastAuthError] Current auth error: None
2025-02-17 11:54:03.250: [INFO][SyncAuthManager::EdgeLogTokenErrorState] Token error with: None for account type: MSA
2025-02-17 11:54:03.250: [INFO][Sync] Credentials changed for: EdgeSyncKeyDataScope
2025-02-17 11:54:03.251: [INFO][SyncEngineBackend::DoUpdateKeyDataCredentials] Update key data credentials
2025-02-17 11:54:03.251: [INFO][SyncEngineBackend::DoUpdateCredentials] Update credentials
2025-02-17 11:54:03.252: [INFO][SyncSchedulerImpl::DoConfigurationSyncCycleJob] Blocked types:  and types to download: Encryption Keys
2025-02-17 11:54:04.046: [INFO][Sync] Started DataTypeManager configuration, reason: 4
2025-02-17 11:54:04.046: [INFO][Sync] Configuring for: Bookmarks, Preferences, Passwords, Autofill Profiles, Autofill, Extensions, Sessions, Extension settings, History Delete Directives, Device Info, User Consents, Send Tab To Self, Web Apps, History, Collection, Edge E Drop, Edge Hub App Usage, Edge Tab Group, Edge Wallet, Encryption Keys, reason: 4, current state: 0
2025-02-17 11:54:04.050: [INFO][Sync] Configure, desired: Bookmarks, Preferences, Extensions, Sessions, Extension settings, History Delete Directives, Device Info, User Consents, Send Tab To Self, Web Apps, History, Collection, Edge E Drop, Edge Hub App Usage, Edge Tab Group, Edge Wallet, Encryption Keys; Allow fail: Passwords, Autofill Profiles, Autofill
2025-02-17 11:54:04.051: [INFO][Sync] Loading: Bookmarks
2025-02-17 11:54:04.051: [INFO][Sync] Loading: Preferences
2025-02-17 11:54:04.051: [INFO][Sync] Loading: Extensions
2025-02-17 11:54:04.051: [INFO][Sync] Loading: Sessions
2025-02-17 11:54:04.051: [INFO][Sync] Loading: Extension settings
2025-02-17 11:54:04.051: [INFO][Sync] Loading: History Delete Directives
2025-02-17 11:54:04.052: [INFO][Sync] Loading: Device Info
2025-02-17 11:54:04.052: [INFO][Sync] Loading: User Consents
2025-02-17 11:54:04.052: [INFO][Sync] Loading: Send Tab To Self
2025-02-17 11:54:04.052: [INFO][Sync] Loading: Web Apps
2025-02-17 11:54:04.052: [INFO][Sync] Loading: History
2025-02-17 11:54:04.052: [INFO][Sync] Loading: Collection
2025-02-17 11:54:04.052: [INFO][Sync] Loading: Edge E Drop
2025-02-17 11:54:04.052: [INFO][Sync] Loading: Edge Hub App Usage
2025-02-17 11:54:04.052: [INFO][Sync] Loading: Edge Tab Group
2025-02-17 11:54:04.052: [INFO][Sync] Loading: Edge Wallet
2025-02-17 11:54:04.061: [INFO][Sync] All data types are ready for configure.
2025-02-17 11:54:04.551: [INFO][Sync] Started DataTypeManager configuration, reason: 5
2025-02-17 11:54:04.551: [INFO][Sync] Configuring for: Bookmarks, Preferences, Passwords, Autofill Profiles, Autofill, Extensions, Sessions, Extension settings, History Delete Directives, Device Info, User Consents, Send Tab To Self, Web Apps, History, Collection, Edge E Drop, Edge Hub App Usage, Edge Tab Group, Edge Wallet, Encryption Keys, reason: 5, current state: 1
2025-02-17 11:54:04.553: [INFO][SyncEngineBackend::DoStartConfiguration] Start configuration
2025-02-17 11:54:04.553: [INFO][SyncManagerImpl::NudgeForInitialDownload] Initial download nudge for Bookmarks
2025-02-17 11:54:04.554: [INFO][SyncManagerImpl::ConfigureSyncer] Types to download:  with reason: 4
2025-02-17 11:54:04.554: [INFO][SyncEngineBackend::DoFinishConfigureDataTypes] Failed to download types:  and succeeded types: 
2025-02-17 11:54:04.554: [INFO][Sync] ConfigurationDone, failed: , succeeded: , remaining count: 4
2025-02-17 11:54:04.554: [WARN][Sync]     Reconfigure requested while configuration ongoing.
2025-02-17 11:54:04.554: [INFO][Sync] Configuring for: Bookmarks, Preferences, Passwords, Autofill Profiles, Autofill, Extensions, Sessions, Extension settings, History Delete Directives, Device Info, User Consents, Send Tab To Self, Web Apps, History, Collection, Edge E Drop, Edge Hub App Usage, Edge Tab Group, Edge Wallet, Encryption Keys, reason: 5, current state: 2
2025-02-17 11:54:04.554: [INFO][Sync] Configure, desired: Bookmarks, Preferences, Passwords, Autofill Profiles, Autofill, Extensions, Sessions, Extension settings, History Delete Directives, Device Info, User Consents, Send Tab To Self, Web Apps, History, Collection, Edge E Drop, Edge Hub App Usage, Edge Tab Group, Edge Wallet, Encryption Keys; Allow fail: 
2025-02-17 11:54:04.555: [INFO][Sync] Loading: Passwords
2025-02-17 11:54:04.555: [INFO][Sync] Loading: Autofill Profiles
2025-02-17 11:54:04.555: [INFO][Sync] Loading: Autofill
2025-02-17 11:54:04.555: [INFO][Sync] All data types are ready for configure.
2025-02-17 11:54:04.555: [INFO][SyncManagerImpl::NudgeForInitialDownload] Initial download nudge for Passwords
2025-02-17 11:54:04.555: [INFO][SyncManagerImpl::ConfigureSyncer] Types to download:  with reason: 5
2025-02-17 11:54:04.555: [INFO][SyncEngineBackend::DoFinishConfigureDataTypes] Failed to download types:  and succeeded types: 
2025-02-17 11:54:04.555: [INFO][Sync] ConfigurationDone, failed: , succeeded: , remaining count: 4
2025-02-17 11:54:04.555: [INFO][Sync] Prepare to configure types: Passwords, Encryption Keys
2025-02-17 11:54:04.555: [INFO][SyncManagerImpl::ConfigureSyncer] Types to download: Passwords, Encryption Keys with reason: 5
2025-02-17 11:54:04.555: [INFO][SyncSchedulerImpl::DoConfigurationSyncCycleJob] Blocked types:  and types to download: Passwords, Encryption Keys
2025-02-17 11:54:04.916: [INFO][SyncEngineBackend::DoFinishConfigureDataTypes] Failed to download types:  and succeeded types: Passwords, Encryption Keys
2025-02-17 11:54:04.919: [INFO][Sync] ConfigurationDone, failed: , succeeded: Passwords, Encryption Keys, remaining count: 3
2025-02-17 11:54:04.919: [INFO][Sync] Prepare to configure types: Bookmarks, Encryption Keys
2025-02-17 11:54:04.919: [INFO][SyncManagerImpl::ConfigureSyncer] Types to download: Bookmarks, Encryption Keys with reason: 5
2025-02-17 11:54:04.919: [INFO][SyncSchedulerImpl::DoConfigurationSyncCycleJob] Blocked types:  and types to download: Bookmarks, Encryption Keys
2025-02-17 11:54:05.271: [INFO][SyncEngineBackend::DoFinishConfigureDataTypes] Failed to download types:  and succeeded types: Bookmarks, Encryption Keys
2025-02-17 11:54:05.274: [INFO][Sync] ConfigurationDone, failed: , succeeded: Bookmarks, Encryption Keys, remaining count: 2
2025-02-17 11:54:05.274: [INFO][SyncManagerImpl::ConfigureSyncer] Types to download:  with reason: 5
2025-02-17 11:54:05.274: [INFO][SyncEngineBackend::DoFinishConfigureDataTypes] Failed to download types:  and succeeded types: 
2025-02-17 11:54:05.274: [INFO][Sync] ConfigurationDone, failed: , succeeded: , remaining count: 1
2025-02-17 11:54:05.275: [INFO][SyncManagerImpl::ConfigureSyncer] Types to download:  with reason: 5
2025-02-17 11:54:05.275: [INFO][SyncEngineBackend::DoFinishConfigureDataTypes] Failed to download types:  and succeeded types: 
2025-02-17 11:54:05.278: [INFO][Sync] ConfigurationDone, failed: , succeeded: , remaining count: 0
2025-02-17 11:54:05.279: [INFO][Sync]     Configuration completed, state: 7
2025-02-17 11:54:05.280: [INFO][Sync] Configured DataTypeManager: Ok
2025-02-17 11:54:05.282: [INFO][SyncEngineBackend::DoStartSyncing] Start syncing
